Analysis & Synthesis report for rafaelAula2
Tue Aug 12 23:30:29 2025
Quartus Prime Version 20.1.1 Build 720 11/11/2020 SJ Lite Edition


---------------------
; Table of Contents ;
---------------------
  1. Legal Notice
  2. Analysis & Synthesis Summary
  3. Analysis & Synthesis Settings
  4. Parallel Compilation
  5. Analysis & Synthesis Source Files Read
  6. Analysis & Synthesis Resource Usage Summary
  7. Analysis & Synthesis Resource Utilization by Entity
  8. General Register Statistics
  9. Post-Synthesis Netlist Statistics for Top Partition
 10. Elapsed Time Per Partition
 11. Analysis & Synthesis Messages



----------------
; Legal Notice ;
----------------
Copyright (C) 2020  Intel Corporation. All rights reserved.
Your use of Intel Corporation's design tools, logic functions 
and other software and tools, and any partner logic 
functions, and any output files from any of the foregoing 
(including device programming or simulation files), and any 
associated documentation or information are expressly subject 
to the terms and conditions of the Intel Program License 
Subscription Agreement, the Intel Quartus Prime License Agreement,
the Intel FPGA IP License Agreement, or other applicable license
agreement, including, without limitation, that your use is for
the sole purpose of programming logic devices manufactured by
Intel and sold by Intel or its authorized distributors.  Please
refer to the applicable agreement for further details, at
https://fpgasoftware.intel.com/eula.



+----------------------------------------------------------------------------------+
; Analysis & Synthesis Summary                                                     ;
+------------------------------------+---------------------------------------------+
; Analysis & Synthesis Status        ; Successful - Tue Aug 12 23:30:29 2025       ;
; Quartus Prime Version              ; 20.1.1 Build 720 11/11/2020 SJ Lite Edition ;
; Revision Name                      ; rafaelAula2                                 ;
; Top-level Entity Name              ; EEPROM_53x18_FULL                           ;
; Family                             ; MAX 10                                      ;
; Total logic elements               ; 43                                          ;
;     Total combinational functions  ; 43                                          ;
;     Dedicated logic registers      ; 0                                           ;
; Total registers                    ; 0                                           ;
; Total pins                         ; 25                                          ;
; Total virtual pins                 ; 0                                           ;
; Total memory bits                  ; 0                                           ;
; Embedded Multiplier 9-bit elements ; 0                                           ;
; Total PLLs                         ; 0                                           ;
; UFM blocks                         ; 0                                           ;
; ADC blocks                         ; 0                                           ;
+------------------------------------+---------------------------------------------+


+------------------------------------------------------------------------------------------------------------+
; Analysis & Synthesis Settings                                                                              ;
+------------------------------------------------------------------+--------------------+--------------------+
; Option                                                           ; Setting            ; Default Value      ;
+------------------------------------------------------------------+--------------------+--------------------+
; Device                                                           ; 10M50DAF484C7G     ;                    ;
; Top-level entity name                                            ; EEPROM_53x18_FULL  ; rafaelAula2        ;
; Family name                                                      ; MAX 10             ; Cyclone V          ;
; Maximum processors allowed for parallel compilation              ; All                ;                    ;
; Use smart compilation                                            ; Off                ; Off                ;
; Enable parallel Assembler and Timing Analyzer during compilation ; On                 ; On                 ;
; Enable compact report table                                      ; Off                ; Off                ;
; Restructure Multiplexers                                         ; Auto               ; Auto               ;
; Create Debugging Nodes for IP Cores                              ; Off                ; Off                ;
; Preserve fewer node names                                        ; On                 ; On                 ;
; Intel FPGA IP Evaluation Mode                                    ; Enable             ; Enable             ;
; Verilog Version                                                  ; Verilog_2001       ; Verilog_2001       ;
; VHDL Version                                                     ; VHDL_1993          ; VHDL_1993          ;
; State Machine Processing                                         ; Auto               ; Auto               ;
; Safe State Machine                                               ; Off                ; Off                ;
; Extract Verilog State Machines                                   ; On                 ; On                 ;
; Extract VHDL State Machines                                      ; On                 ; On                 ;
; Ignore Verilog initial constructs                                ; Off                ; Off                ;
; Iteration limit for constant Verilog loops                       ; 5000               ; 5000               ;
; Iteration limit for non-constant Verilog loops                   ; 250                ; 250                ;
; Add Pass-Through Logic to Inferred RAMs                          ; On                 ; On                 ;
; Infer RAMs from Raw Logic                                        ; On                 ; On                 ;
; Parallel Synthesis                                               ; On                 ; On                 ;
; DSP Block Balancing                                              ; Auto               ; Auto               ;
; NOT Gate Push-Back                                               ; On                 ; On                 ;
; Power-Up Don't Care                                              ; On                 ; On                 ;
; Remove Redundant Logic Cells                                     ; Off                ; Off                ;
; Remove Duplicate Registers                                       ; On                 ; On                 ;
; Ignore CARRY Buffers                                             ; Off                ; Off                ;
; Ignore CASCADE Buffers                                           ; Off                ; Off                ;
; Ignore GLOBAL Buffers                                            ; Off                ; Off                ;
; Ignore ROW GLOBAL Buffers                                        ; Off                ; Off                ;
; Ignore LCELL Buffers                                             ; Off                ; Off                ;
; Ignore SOFT Buffers                                              ; On                 ; On                 ;
; Limit AHDL Integers to 32 Bits                                   ; Off                ; Off                ;
; Optimization Technique                                           ; Balanced           ; Balanced           ;
; Carry Chain Length                                               ; 70                 ; 70                 ;
; Auto Carry Chains                                                ; On                 ; On                 ;
; Auto Open-Drain Pins                                             ; On                 ; On                 ;
; Perform WYSIWYG Primitive Resynthesis                            ; Off                ; Off                ;
; Auto ROM Replacement                                             ; On                 ; On                 ;
; Auto RAM Replacement                                             ; On                 ; On                 ;
; Auto DSP Block Replacement                                       ; On                 ; On                 ;
; Auto Shift Register Replacement                                  ; Auto               ; Auto               ;
; Allow Shift Register Merging across Hierarchies                  ; Auto               ; Auto               ;
; Auto Clock Enable Replacement                                    ; On                 ; On                 ;
; Strict RAM Replacement                                           ; Off                ; Off                ;
; Allow Synchronous Control Signals                                ; On                 ; On                 ;
; Force Use of Synchronous Clear Signals                           ; Off                ; Off                ;
; Auto RAM Block Balancing                                         ; On                 ; On                 ;
; Auto RAM to Logic Cell Conversion                                ; Off                ; Off                ;
; Auto Resource Sharing                                            ; Off                ; Off                ;
; Allow Any RAM Size For Recognition                               ; Off                ; Off                ;
; Allow Any ROM Size For Recognition                               ; Off                ; Off                ;
; Allow Any Shift Register Size For Recognition                    ; Off                ; Off                ;
; Use LogicLock Constraints during Resource Balancing              ; On                 ; On                 ;
; Ignore translate_off and synthesis_off directives                ; Off                ; Off                ;
; Timing-Driven Synthesis                                          ; On                 ; On                 ;
; Report Parameter Settings                                        ; On                 ; On                 ;
; Report Source Assignments                                        ; On                 ; On                 ;
; Report Connectivity Checks                                       ; On                 ; On                 ;
; Ignore Maximum Fan-Out Assignments                               ; Off                ; Off                ;
; Synchronization Register Chain Length                            ; 2                  ; 2                  ;
; Power Optimization During Synthesis                              ; Normal compilation ; Normal compilation ;
; HDL message level                                                ; Level2             ; Level2             ;
; Suppress Register Optimization Related Messages                  ; Off                ; Off                ;
; Number of Removed Registers Reported in Synthesis Report         ; 5000               ; 5000               ;
; Number of Swept Nodes Reported in Synthesis Report               ; 5000               ; 5000               ;
; Number of Inverted Registers Reported in Synthesis Report        ; 100                ; 100                ;
; Clock MUX Protection                                             ; On                 ; On                 ;
; Auto Gated Clock Conversion                                      ; Off                ; Off                ;
; Block Design Naming                                              ; Auto               ; Auto               ;
; SDC constraint protection                                        ; Off                ; Off                ;
; Synthesis Effort                                                 ; Auto               ; Auto               ;
; Shift Register Replacement - Allow Asynchronous Clear Signal     ; On                 ; On                 ;
; Pre-Mapping Resynthesis Optimization                             ; Off                ; Off                ;
; Analysis & Synthesis Message Level                               ; Medium             ; Medium             ;
; Disable Register Merging Across Hierarchies                      ; Auto               ; Auto               ;
; Resource Aware Inference For Block RAM                           ; On                 ; On                 ;
+------------------------------------------------------------------+--------------------+--------------------+


+------------------------------------------+
; Parallel Compilation                     ;
+----------------------------+-------------+
; Processors                 ; Number      ;
+----------------------------+-------------+
; Number detected on machine ; 12          ;
; Maximum allowed            ; 12          ;
;                            ;             ;
; Average used               ; 1.00        ;
; Maximum used               ; 1           ;
;                            ;             ;
; Usage by Processor         ; % Time Used ;
;     Processor 1            ; 100.0%      ;
+----------------------------+-------------+


+---------------------------------------------------------------------------------------------------------------------------------------------------+
; Analysis & Synthesis Source Files Read                                                                                                            ;
+----------------------------------+-----------------+------------------------------------+-----------------------------------------------+---------+
; File Name with User-Entered Path ; Used in Netlist ; File Type                          ; File Name with Absolute Path                  ; Library ;
+----------------------------------+-----------------+------------------------------------+-----------------------------------------------+---------+
; DEMUX/DEMUX_4bits.bdf            ; yes             ; User Block Diagram/Schematic File  ; /home/civ/SAP-BR/DEMUX/DEMUX_4bits.bdf        ;         ;
; EEPROM/EEPROM_53x18_FULL.bdf     ; yes             ; User Block Diagram/Schematic File  ; /home/civ/SAP-BR/EEPROM/EEPROM_53x18_FULL.bdf ;         ;
; DM74LS138/DM74LS138.bdf          ; yes             ; User Block Diagram/Schematic File  ; /home/civ/SAP-BR/DM74LS138/DM74LS138.bdf      ;         ;
; EEPROM/EEPROM_1bit.bdf           ; yes             ; User Block Diagram/Schematic File  ; /home/civ/SAP-BR/EEPROM/EEPROM_1bit.bdf       ;         ;
; DEMUX/DEMUX_3bits_3.bdf          ; yes             ; User Block Diagram/Schematic File  ; /home/civ/SAP-BR/DEMUX/DEMUX_3bits_3.bdf      ;         ;
+----------------------------------+-----------------+------------------------------------+-----------------------------------------------+---------+


+----------------------------------------------------------+
; Analysis & Synthesis Resource Usage Summary              ;
+---------------------------------------------+------------+
; Resource                                    ; Usage      ;
+---------------------------------------------+------------+
; Estimated Total logic elements              ; 43         ;
;                                             ;            ;
; Total combinational functions               ; 43         ;
; Logic element usage by number of LUT inputs ;            ;
;     -- 4 input functions                    ; 37         ;
;     -- 3 input functions                    ; 6          ;
;     -- <=2 input functions                  ; 0          ;
;                                             ;            ;
; Logic elements by mode                      ;            ;
;     -- normal mode                          ; 43         ;
;     -- arithmetic mode                      ; 0          ;
;                                             ;            ;
; Total registers                             ; 0          ;
;     -- Dedicated logic registers            ; 0          ;
;     -- I/O registers                        ; 0          ;
;                                             ;            ;
; I/O pins                                    ; 25         ;
;                                             ;            ;
; Embedded Multiplier 9-bit elements          ; 0          ;
;                                             ;            ;
; Maximum fan-out node                        ; IN_6~input ;
; Maximum fan-out                             ; 21         ;
; Total fan-out                               ; 209        ;
; Average fan-out                             ; 2.25       ;
+---------------------------------------------+------------+


+-----------------------------------------------------------------------------------------------------------------------------------------------------------------------------------------------------------------------------------------------------------------------------+
; Analysis & Synthesis Resource Utilization by Entity                                                                                                                                                                                                                         ;
+----------------------------+---------------------+---------------------------+-------------+------------+--------------+---------+-----------+------+--------------+------------+--------------------------------------------------------+-------------------+--------------+
; Compilation Hierarchy Node ; Combinational ALUTs ; Dedicated Logic Registers ; Memory Bits ; UFM Blocks ; DSP Elements ; DSP 9x9 ; DSP 18x18 ; Pins ; Virtual Pins ; ADC blocks ; Full Hierarchy Name                                    ; Entity Name       ; Library Name ;
+----------------------------+---------------------+---------------------------+-------------+------------+--------------+---------+-----------+------+--------------+------------+--------------------------------------------------------+-------------------+--------------+
; |EEPROM_53x18_FULL         ; 43 (0)              ; 0 (0)                     ; 0           ; 0          ; 0            ; 0       ; 0         ; 25   ; 0            ; 0          ; |EEPROM_53x18_FULL                                     ; EEPROM_53x18_FULL ; work         ;
;    |DEMUX_3bits_3:inst513| ; 1 (1)               ; 0 (0)                     ; 0           ; 0          ; 0            ; 0       ; 0         ; 0    ; 0            ; 0          ; |EEPROM_53x18_FULL|DEMUX_3bits_3:inst513               ; DEMUX_3bits_3     ; work         ;
;    |DEMUX_4bits:inst547|   ; 4 (0)               ; 0 (0)                     ; 0           ; 0          ; 0            ; 0       ; 0         ; 0    ; 0            ; 0          ; |EEPROM_53x18_FULL|DEMUX_4bits:inst547                 ; DEMUX_4bits       ; work         ;
;       |DM74LS138:inst4|    ; 4 (4)               ; 0 (0)                     ; 0           ; 0          ; 0            ; 0       ; 0         ; 0    ; 0            ; 0          ; |EEPROM_53x18_FULL|DEMUX_4bits:inst547|DM74LS138:inst4 ; DM74LS138         ; work         ;
;    |EEPROM_1bit:inst13|    ; 2 (2)               ; 0 (0)                     ; 0           ; 0          ; 0            ; 0       ; 0         ; 0    ; 0            ; 0          ; |EEPROM_53x18_FULL|EEPROM_1bit:inst13                  ; EEPROM_1bit       ; work         ;
;    |EEPROM_1bit:inst16|    ; 2 (2)               ; 0 (0)                     ; 0           ; 0          ; 0            ; 0       ; 0         ; 0    ; 0            ; 0          ; |EEPROM_53x18_FULL|EEPROM_1bit:inst16                  ; EEPROM_1bit       ; work         ;
;    |EEPROM_1bit:inst18|    ; 2 (2)               ; 0 (0)                     ; 0           ; 0          ; 0            ; 0       ; 0         ; 0    ; 0            ; 0          ; |EEPROM_53x18_FULL|EEPROM_1bit:inst18                  ; EEPROM_1bit       ; work         ;
;    |EEPROM_1bit:inst1|     ; 2 (2)               ; 0 (0)                     ; 0           ; 0          ; 0            ; 0       ; 0         ; 0    ; 0            ; 0          ; |EEPROM_53x18_FULL|EEPROM_1bit:inst1                   ; EEPROM_1bit       ; work         ;
;    |EEPROM_1bit:inst2|     ; 1 (1)               ; 0 (0)                     ; 0           ; 0          ; 0            ; 0       ; 0         ; 0    ; 0            ; 0          ; |EEPROM_53x18_FULL|EEPROM_1bit:inst2                   ; EEPROM_1bit       ; work         ;
;    |EEPROM_1bit:inst306|   ; 2 (2)               ; 0 (0)                     ; 0           ; 0          ; 0            ; 0       ; 0         ; 0    ; 0            ; 0          ; |EEPROM_53x18_FULL|EEPROM_1bit:inst306                 ; EEPROM_1bit       ; work         ;
;    |EEPROM_1bit:inst343|   ; 2 (2)               ; 0 (0)                     ; 0           ; 0          ; 0            ; 0       ; 0         ; 0    ; 0            ; 0          ; |EEPROM_53x18_FULL|EEPROM_1bit:inst343                 ; EEPROM_1bit       ; work         ;
;    |EEPROM_1bit:inst345|   ; 2 (2)               ; 0 (0)                     ; 0           ; 0          ; 0            ; 0       ; 0         ; 0    ; 0            ; 0          ; |EEPROM_53x18_FULL|EEPROM_1bit:inst345                 ; EEPROM_1bit       ; work         ;
;    |EEPROM_1bit:inst35b3|  ; 2 (2)               ; 0 (0)                     ; 0           ; 0          ; 0            ; 0       ; 0         ; 0    ; 0            ; 0          ; |EEPROM_53x18_FULL|EEPROM_1bit:inst35b3                ; EEPROM_1bit       ; work         ;
;    |EEPROM_1bit:inst381|   ; 6 (6)               ; 0 (0)                     ; 0           ; 0          ; 0            ; 0       ; 0         ; 0    ; 0            ; 0          ; |EEPROM_53x18_FULL|EEPROM_1bit:inst381                 ; EEPROM_1bit       ; work         ;
;    |EEPROM_1bit:inst3|     ; 2 (2)               ; 0 (0)                     ; 0           ; 0          ; 0            ; 0       ; 0         ; 0    ; 0            ; 0          ; |EEPROM_53x18_FULL|EEPROM_1bit:inst3                   ; EEPROM_1bit       ; work         ;
;    |EEPROM_1bit:inst410|   ; 1 (1)               ; 0 (0)                     ; 0           ; 0          ; 0            ; 0       ; 0         ; 0    ; 0            ; 0          ; |EEPROM_53x18_FULL|EEPROM_1bit:inst410                 ; EEPROM_1bit       ; work         ;
;    |EEPROM_1bit:inst418|   ; 7 (7)               ; 0 (0)                     ; 0           ; 0          ; 0            ; 0       ; 0         ; 0    ; 0            ; 0          ; |EEPROM_53x18_FULL|EEPROM_1bit:inst418                 ; EEPROM_1bit       ; work         ;
;    |EEPROM_1bit:inst420|   ; 1 (1)               ; 0 (0)                     ; 0           ; 0          ; 0            ; 0       ; 0         ; 0    ; 0            ; 0          ; |EEPROM_53x18_FULL|EEPROM_1bit:inst420                 ; EEPROM_1bit       ; work         ;
;    |EEPROM_1bit:inst6|     ; 4 (4)               ; 0 (0)                     ; 0           ; 0          ; 0            ; 0       ; 0         ; 0    ; 0            ; 0          ; |EEPROM_53x18_FULL|EEPROM_1bit:inst6                   ; EEPROM_1bit       ; work         ;
+----------------------------+---------------------+---------------------------+-------------+------------+--------------+---------+-----------+------+--------------+------------+--------------------------------------------------------+-------------------+--------------+
Note: For table entries with two numbers listed, the numbers in parentheses indicate the number of resources of the given type used by the specific entity alone. The numbers listed outside of parentheses indicate the total resources of the given type used by the specific entity and all of its sub-entities in the hierarchy.


+------------------------------------------------------+
; General Register Statistics                          ;
+----------------------------------------------+-------+
; Statistic                                    ; Value ;
+----------------------------------------------+-------+
; Total registers                              ; 0     ;
; Number of registers using Synchronous Clear  ; 0     ;
; Number of registers using Synchronous Load   ; 0     ;
; Number of registers using Asynchronous Clear ; 0     ;
; Number of registers using Asynchronous Load  ; 0     ;
; Number of registers using Clock Enable       ; 0     ;
; Number of registers using Preset             ; 0     ;
+----------------------------------------------+-------+


+-----------------------------------------------------+
; Post-Synthesis Netlist Statistics for Top Partition ;
+-----------------------+-----------------------------+
; Type                  ; Count                       ;
+-----------------------+-----------------------------+
; boundary_port         ; 25                          ;
; cycloneiii_io_obuf    ; 18                          ;
; cycloneiii_lcell_comb ; 43                          ;
;     normal            ; 43                          ;
;         3 data inputs ; 6                           ;
;         4 data inputs ; 37                          ;
;                       ;                             ;
; Max LUT depth         ; 5.00                        ;
; Average LUT depth     ; 2.16                        ;
+-----------------------+-----------------------------+


+-------------------------------+
; Elapsed Time Per Partition    ;
+----------------+--------------+
; Partition Name ; Elapsed Time ;
+----------------+--------------+
; Top            ; 00:00:00     ;
+----------------+--------------+


+-------------------------------+
; Analysis & Synthesis Messages ;
+-------------------------------+
Info: *******************************************************************
Info: Running Quartus Prime Analysis & Synthesis
    Info: Version 20.1.1 Build 720 11/11/2020 SJ Lite Edition
    Info: Processing started: Tue Aug 12 23:30:24 2025
Info: Command: quartus_map --read_settings_files=on --write_settings_files=off rafaelAula2 -c rafaelAula2
Info (20030): Parallel compilation is enabled and will use 12 of the 12 processors detected
Info (12021): Found 1 design units, including 1 entities, in source file DEMUX/DEMUX_4bits.bdf
    Info (12023): Found entity 1: DEMUX_4bits
Info (12021): Found 1 design units, including 1 entities, in source file EEPROM/EEPROM_53x18_FULL.bdf
    Info (12023): Found entity 1: EEPROM_53x18_FULL
Info (12021): Found 1 design units, including 1 entities, in source file Mux/MuxDuplode8bits.bdf
    Info (12023): Found entity 1: MuxDuplode8bits
Info (12021): Found 1 design units, including 1 entities, in source file Mux/MuxDuplode4bits.bdf
    Info (12023): Found entity 1: MuxDuplode4bits
Info (12021): Found 1 design units, including 1 entities, in source file teste.bdf
    Info (12023): Found entity 1: teste
Info (12021): Found 1 design units, including 1 entities, in source file CI_74LS157/CI_74LS157.bdf
    Info (12023): Found entity 1: CI_74LS157
Info (12021): Found 1 design units, including 1 entities, in source file DM74LS138/DM74LS138.bdf
    Info (12023): Found entity 1: DM74LS138
Info (12021): Found 1 design units, including 1 entities, in source file SN74LS173/SN74LS173.bdf
    Info (12023): Found entity 1: SN74LS173
Info (12021): Found 1 design units, including 1 entities, in source file FA74LS283/FA74LS283.bdf
    Info (12023): Found entity 1: FA74LS283
Info (12021): Found 1 design units, including 1 entities, in source file RAM/RAM.bdf
    Info (12023): Found entity 1: RAM
Info (12021): Found 1 design units, including 1 entities, in source file RAM/Cell_1_bit.bdf
    Info (12023): Found entity 1: Cell_1_bit
Info (12021): Found 1 design units, including 1 entities, in source file RAM/Cell_8x8_bits.bdf
    Info (12023): Found entity 1: Cell_8x8_bits
Info (12021): Found 1 design units, including 1 entities, in source file RAM/AND_8x8.bdf
    Info (12023): Found entity 1: AND_8x8
Info (12021): Found 1 design units, including 1 entities, in source file DM74LS161A/DM74LS161A.bdf
    Info (12023): Found entity 1: DM74LS161A
Info (12021): Found 1 design units, including 1 entities, in source file PC/PC.bdf
    Info (12023): Found entity 1: PC
Info (12021): Found 1 design units, including 1 entities, in source file ACC/ACC.bdf
    Info (12023): Found entity 1: ACC
Info (12021): Found 1 design units, including 1 entities, in source file BR/BR.bdf
    Info (12023): Found entity 1: BR
Info (12021): Found 1 design units, including 1 entities, in source file IR/IR.bdf
    Info (12023): Found entity 1: IR
Info (12021): Found 1 design units, including 1 entities, in source file MAR/MAR.bdf
    Info (12023): Found entity 1: MAR
Warning (12018): Entity "OR" will be ignored because it conflicts with Quartus Prime primitive name
Info (12021): Found 1 design units, including 1 entities, in source file OR/OR.bdf
Info (12021): Found 1 design units, including 1 entities, in source file EEPROM/EEPROM_1bit.bdf
    Info (12023): Found entity 1: EEPROM_1bit
Info (12021): Found 1 design units, including 1 entities, in source file EEPROM/EEPROM_53x18_EMPTY.bdf
    Info (12023): Found entity 1: EEPROM_53x18_EMPTY
Info (12021): Found 1 design units, including 1 entities, in source file DEMUX/DEMUX_3bits_3.bdf
    Info (12023): Found entity 1: DEMUX_3bits_3
Info (12127): Elaborating entity "EEPROM_53x18_FULL" for the top level hierarchy
Info (12128): Elaborating entity "EEPROM_1bit" for hierarchy "EEPROM_1bit:inst1"
Info (12128): Elaborating entity "DEMUX_3bits_3" for hierarchy "DEMUX_3bits_3:inst"
Info (12128): Elaborating entity "DEMUX_4bits" for hierarchy "DEMUX_4bits:inst547"
Info (12128): Elaborating entity "DM74LS138" for hierarchy "DEMUX_4bits:inst547|DM74LS138:inst4"
Info (286030): Timing-Driven Synthesis is running
Info (16010): Generating hard_block partition "hard_block:auto_generated_inst"
    Info (16011): Adding 0 node(s), including 0 DDIO, 0 PLL, 0 transceiver and 0 LCELL
Info (21057): Implemented 68 device resources after synthesis - the final resource count might be different
    Info (21058): Implemented 7 input pins
    Info (21059): Implemented 18 output pins
    Info (21061): Implemented 43 logic cells
Info: Quartus Prime Analysis & Synthesis was successful. 0 errors, 1 warning
    Info: Peak virtual memory: 426 megabytes
    Info: Processing ended: Tue Aug 12 23:30:29 2025
    Info: Elapsed time: 00:00:05
    Info: Total CPU time (on all processors): 00:00:12


