Flow report for rafaelAula2
Wed Aug 20 15:25:09 2025
Quartus Prime Version 20.1.1 Build 720 11/11/2020 SJ Lite Edition


---------------------
; Table of Contents ;
---------------------
  1. Legal Notice
  2. Flow Summary
  3. Flow Settings
  4. Flow Non-Default Global Settings
  5. Flow Elapsed Time
  6. Flow OS Summary
  7. Flow Log
  8. Flow Messages
  9. Flow Suppressed Messages



----------------
; Legal Notice ;
----------------
Copyright (C) 2020  Intel Corporation. All rights reserved.
Your use of Intel Corporation's design tools, logic functions 
and other software and tools, and any partner logic 
functions, and any output files from any of the foregoing 
(including device programming or simulation files), and any 
associated documentation or information are expressly subject 
to the terms and conditions of the Intel Program License 
Subscription Agreement, the Intel Quartus Prime License Agreement,
the Intel FPGA IP License Agreement, or other applicable license
agreement, including, without limitation, that your use is for
the sole purpose of programming logic devices manufactured by
Intel and sold by Intel or its authorized distributors.  Please
refer to the applicable agreement for further details, at
https://fpgasoftware.intel.com/eula.



+----------------------------------------------------------------------------------+
; Flow Summary                                                                     ;
+------------------------------------+---------------------------------------------+
; Flow Status                        ; Successful - Wed Aug 20 15:25:09 2025       ;
; Quartus Prime Version              ; 20.1.1 Build 720 11/11/2020 SJ Lite Edition ;
; Revision Name                      ; rafaelAula2                                 ;
; Top-level Entity Name              ; SAP_BR                                      ;
; Family                             ; MAX 10                                      ;
; Device                             ; 10M50DAF484C7G                              ;
; Timing Models                      ; Final                                       ;
; Total logic elements               ; 544 / 49,760 ( 1 % )                        ;
;     Total combinational functions  ; 453 / 49,760 ( < 1 % )                      ;
;     Dedicated logic registers      ; 171 / 49,760 ( < 1 % )                      ;
; Total registers                    ; 171                                         ;
; Total pins                         ; 62 / 360 ( 17 % )                           ;
; Total virtual pins                 ; 0                                           ;
; Total memory bits                  ; 0 / 1,677,312 ( 0 % )                       ;
; Embedded Multiplier 9-bit elements ; 0 / 288 ( 0 % )                             ;
; Total PLLs                         ; 0 / 4 ( 0 % )                               ;
; UFM blocks                         ; 0 / 1 ( 0 % )                               ;
; ADC blocks                         ; 0 / 2 ( 0 % )                               ;
+------------------------------------+---------------------------------------------+


+-----------------------------------------+
; Flow Settings                           ;
+-------------------+---------------------+
; Option            ; Setting             ;
+-------------------+---------------------+
; Start date & time ; 08/20/2025 15:22:37 ;
; Main task         ; Compilation         ;
; Revision Name     ; rafaelAula2         ;
+-------------------+---------------------+


+-----------------------------------------------------------------------------------------------------------------------------+
; Flow Non-Default Global Settings                                                                                            ;
+-------------------------------------+----------------------------------------+---------------+-------------+----------------+
; Assignment Name                     ; Value                                  ; Default Value ; Entity Name ; Section Id     ;
+-------------------------------------+----------------------------------------+---------------+-------------+----------------+
; COMPILER_SIGNATURE_ID               ; 242250663003969.175571415622938        ; --            ; --          ; --             ;
; EDA_OUTPUT_DATA_FORMAT              ; Verilog Hdl                            ; --            ; --          ; eda_simulation ;
; EDA_SIMULATION_TOOL                 ; ModelSim-Altera (Verilog)              ; <None>        ; --          ; --             ;
; MAX_CORE_JUNCTION_TEMP              ; 85                                     ; --            ; --          ; --             ;
; MIN_CORE_JUNCTION_TEMP              ; 0                                      ; --            ; --          ; --             ;
; NUM_PARALLEL_PROCESSORS             ; All                                    ; --            ; --          ; --             ;
; PARTITION_COLOR                     ; -- (Not supported for targeted family) ; --            ; SAP_BR      ; Top            ;
; PARTITION_FITTER_PRESERVATION_LEVEL ; -- (Not supported for targeted family) ; --            ; SAP_BR      ; Top            ;
; PARTITION_NETLIST_TYPE              ; -- (Not supported for targeted family) ; --            ; SAP_BR      ; Top            ;
; POWER_BOARD_THERMAL_MODEL           ; None (CONSERVATIVE)                    ; --            ; --          ; --             ;
; POWER_PRESET_COOLING_SOLUTION       ; 23 MM HEAT SINK WITH 200 LFPM AIRFLOW  ; --            ; --          ; --             ;
; PROJECT_OUTPUT_DIRECTORY            ; output_files                           ; --            ; --          ; --             ;
; TOP_LEVEL_ENTITY                    ; SAP_BR                                 ; rafaelAula2   ; --          ; --             ;
+-------------------------------------+----------------------------------------+---------------+-------------+----------------+


+--------------------------------------------------------------------------------------------------------------------------+
; Flow Elapsed Time                                                                                                        ;
+----------------------+--------------+-------------------------+---------------------+------------------------------------+
; Module Name          ; Elapsed Time ; Average Processors Used ; Peak Virtual Memory ; Total CPU Time (on all processors) ;
+----------------------+--------------+-------------------------+---------------------+------------------------------------+
; Analysis & Synthesis ; 00:00:13     ; 1.0                     ; 372 MB              ; 00:00:26                           ;
; Fitter               ; 00:00:29     ; 1.1                     ; 823 MB              ; 00:00:36                           ;
; Assembler            ; 00:00:04     ; 1.0                     ; 361 MB              ; 00:00:04                           ;
; Timing Analyzer      ; 00:00:04     ; 1.2                     ; 485 MB              ; 00:00:05                           ;
; EDA Netlist Writer   ; 00:00:01     ; 1.0                     ; 618 MB              ; 00:00:01                           ;
; EDA Netlist Writer   ; 00:00:01     ; 1.0                     ; 596 MB              ; 00:00:00                           ;
; EDA Netlist Writer   ; 00:00:00     ; 1.0                     ; 604 MB              ; 00:00:01                           ;
; EDA Netlist Writer   ; 00:00:00     ; 1.0                     ; 596 MB              ; 00:00:00                           ;
; EDA Netlist Writer   ; 00:00:01     ; 1.0                     ; 604 MB              ; 00:00:01                           ;
; EDA Netlist Writer   ; 00:00:00     ; 1.0                     ; 596 MB              ; 00:00:00                           ;
; EDA Netlist Writer   ; 00:00:01     ; 1.0                     ; 604 MB              ; 00:00:01                           ;
; Total                ; 00:00:54     ; --                      ; --                  ; 00:01:15                           ;
+----------------------+--------------+-------------------------+---------------------+------------------------------------+


+------------------------------------------------------------------------------------------+
; Flow OS Summary                                                                          ;
+----------------------+------------------+------------------+------------+----------------+
; Module Name          ; Machine Hostname ; OS Name          ; OS Version ; Processor type ;
+----------------------+------------------+------------------+------------+----------------+
; Analysis & Synthesis ; alpine-trsh      ; Debian GNU/Linux ; 12         ; x86_64         ;
; Fitter               ; alpine-trsh      ; Debian GNU/Linux ; 12         ; x86_64         ;
; Assembler            ; alpine-trsh      ; Debian GNU/Linux ; 12         ; x86_64         ;
; Timing Analyzer      ; alpine-trsh      ; Debian GNU/Linux ; 12         ; x86_64         ;
; EDA Netlist Writer   ; alpine-trsh      ; Debian GNU/Linux ; 12         ; x86_64         ;
; EDA Netlist Writer   ; alpine-trsh      ; Debian GNU/Linux ; 12         ; x86_64         ;
; EDA Netlist Writer   ; alpine-trsh      ; Debian GNU/Linux ; 12         ; x86_64         ;
; EDA Netlist Writer   ; alpine-trsh      ; Debian GNU/Linux ; 12         ; x86_64         ;
; EDA Netlist Writer   ; alpine-trsh      ; Debian GNU/Linux ; 12         ; x86_64         ;
; EDA Netlist Writer   ; alpine-trsh      ; Debian GNU/Linux ; 12         ; x86_64         ;
; EDA Netlist Writer   ; alpine-trsh      ; Debian GNU/Linux ; 12         ; x86_64         ;
+----------------------+------------------+------------------+------------+----------------+


------------
; Flow Log ;
------------
quartus_map --read_settings_files=on --write_settings_files=off rafaelAula2 -c rafaelAula2
quartus_fit --read_settings_files=off --write_settings_files=off rafaelAula2 -c rafaelAula2
quartus_asm --read_settings_files=off --write_settings_files=off rafaelAula2 -c rafaelAula2
quartus_sta rafaelAula2 -c rafaelAula2
quartus_eda --read_settings_files=off --write_settings_files=off rafaelAula2 -c rafaelAula2
quartus_eda --gen_testbench --tool=modelsim_oem --format=verilog --write_settings_files=off rafaelAula2 -c rafaelAula2 --vector_source=/home/civ/SAP-BR/test_soma.vwf --testbench_file=/home/civ/SAP-BR/simulation/qsim/test_soma.vwf.vt
quartus_eda --write_settings_files=off --simulation=on --functional=on --flatten_buses=off --tool=modelsim_oem --format=verilog --output_directory=/home/civ/SAP-BR/simulation/qsim/ rafaelAula2 -c rafaelAula2
quartus_eda --gen_testbench --tool=modelsim_oem --format=verilog --write_settings_files=off rafaelAula2 -c rafaelAula2 --vector_source=/home/civ/SAP-BR/test_soma.vwf --testbench_file=/home/civ/SAP-BR/simulation/qsim/test_soma.vwf.vt
quartus_eda --write_settings_files=off --simulation=on --functional=on --flatten_buses=off --tool=modelsim_oem --format=verilog --output_directory=/home/civ/SAP-BR/simulation/qsim/ rafaelAula2 -c rafaelAula2
quartus_eda --gen_testbench --tool=modelsim_oem --format=verilog --write_settings_files=off rafaelAula2 -c rafaelAula2 --vector_source=/home/civ/SAP-BR/test_fib.vwf --testbench_file=/home/civ/SAP-BR/simulation/qsim/test_fib.vwf.vt
quartus_eda --write_settings_files=off --simulation=on --functional=on --flatten_buses=off --tool=modelsim_oem --format=verilog --output_directory=/home/civ/SAP-BR/simulation/qsim/ rafaelAula2 -c rafaelAula2



